[0.479s] Invoking command in '/home/fang/coop_ws/src/build/xicro_interfaces': CMAKE_PREFIX_PATH=${CMAKE_PREFIX_PATH}:/home/fang/coop_ws/install/coop_keyboard_teleop:/home/fang/coop_ws/install/coop_controller:/home/fang/ros2_ws/install/my_py_pkg:/home/fang/ros2_ws/install/coop_keyboard_teleop:/opt/ros/humble /usr/bin/cmake /home/fang/coop_ws/src/Xicro/xicro_interfaces -DCMAKE_INSTALL_PREFIX=/home/fang/coop_ws/src/install/xicro_interfaces
[0.511s] -- The C compiler identification is GNU 12.3.0
[0.548s] -- The CXX compiler identification is GNU 11.4.0
[0.554s] -- Detecting C compiler ABI info
[0.599s] -- Detecting C compiler ABI info - done
[0.603s] -- Check for working C compiler: /usr/bin/cc - skipped
[0.603s] -- Detecting C compile features
[0.603s] -- Detecting C compile features - done
[0.605s] -- Detecting CXX compiler ABI info
[0.651s] -- Detecting CXX compiler ABI info - done
[0.655s] -- Check for working CXX compiler: /usr/bin/c++ - skipped
[0.655s] -- Detecting CXX compile features
[0.656s] -- Detecting CXX compile features - done
[0.657s] -- Found ament_cmake: 1.3.8 (/opt/ros/humble/share/ament_cmake/cmake)
[0.766s] -- Found Python3: /usr/bin/python3 (found version "3.10.12") found components: Interpreter 
[0.835s] -- Found rosidl_default_generators: 1.2.0 (/opt/ros/humble/share/rosidl_default_generators/cmake)
[0.838s] -- Using all available rosidl_typesupport_c: rosidl_typesupport_fastrtps_c;rosidl_typesupport_introspection_c
[0.843s] -- Found rosidl_adapter: 3.1.5 (/opt/ros/humble/share/rosidl_adapter/cmake)
[0.874s] -- Using all available rosidl_typesupport_cpp: rosidl_typesupport_fastrtps_cpp;rosidl_typesupport_introspection_cpp
[0.900s] -- Found ament_lint_auto: 0.12.10 (/opt/ros/humble/share/ament_lint_auto/cmake)
[1.163s] -- Found ament_cmake_ros: 0.10.0 (/opt/ros/humble/share/ament_cmake_ros/cmake)
[1.290s] -- Using all available rosidl_typesupport_c: rosidl_typesupport_fastrtps_c;rosidl_typesupport_introspection_c
[1.453s] -- Using all available rosidl_typesupport_cpp: rosidl_typesupport_fastrtps_cpp;rosidl_typesupport_introspection_cpp
[1.468s] -- Found PythonInterp: /usr/bin/python3 (found suitable version "3.10.12", minimum required is "3.6") 
[1.470s] -- Found python_cmake_module: 0.10.0 (/opt/ros/humble/share/python_cmake_module/cmake)
[1.488s] -- Found PythonLibs: /usr/lib/x86_64-linux-gnu/libpython3.10.so (found suitable version "3.10.12", minimum required is "3.5") 
[1.488s] -- Using PYTHON_EXECUTABLE: /usr/bin/python3
[1.489s] -- Using PYTHON_INCLUDE_DIRS: /usr/include/python3.10
[1.489s] -- Using PYTHON_LIBRARIES: /usr/lib/x86_64-linux-gnu/libpython3.10.so
[1.505s] -- Found PythonExtra: .so  
[1.535s] -- Added test 'copyright' to check source files copyright and LICENSE
[1.536s] -- Added test 'lint_cmake' to check CMake code style
[1.537s] -- Added test 'xmllint' to check XML markup files
[1.539s] -- Configuring done
[1.556s] -- Generating done
[1.557s] -- Build files have been written to: /home/fang/coop_ws/src/build/xicro_interfaces
[1.563s] Invoked command in '/home/fang/coop_ws/src/build/xicro_interfaces' returned '0': CMAKE_PREFIX_PATH=${CMAKE_PREFIX_PATH}:/home/fang/coop_ws/install/coop_keyboard_teleop:/home/fang/coop_ws/install/coop_controller:/home/fang/ros2_ws/install/my_py_pkg:/home/fang/ros2_ws/install/coop_keyboard_teleop:/opt/ros/humble /usr/bin/cmake /home/fang/coop_ws/src/Xicro/xicro_interfaces -DCMAKE_INSTALL_PREFIX=/home/fang/coop_ws/src/install/xicro_interfaces
[1.564s] Invoking command in '/home/fang/coop_ws/src/build/xicro_interfaces': CMAKE_PREFIX_PATH=${CMAKE_PREFIX_PATH}:/home/fang/coop_ws/install/coop_keyboard_teleop:/home/fang/coop_ws/install/coop_controller:/home/fang/ros2_ws/install/my_py_pkg:/home/fang/ros2_ws/install/coop_keyboard_teleop:/opt/ros/humble /usr/bin/cmake --build /home/fang/coop_ws/src/build/xicro_interfaces -- -j16 -l16
[1.588s] [  3%] [34m[1mGenerating C code for ROS interfaces[0m
[1.594s] [  6%] [34m[1mGenerating C++ code for ROS interfaces[0m
[1.599s] [  6%] Built target ament_cmake_python_copy_xicro_interfaces
[1.758s] running egg_info
[1.758s] creating xicro_interfaces.egg-info
[1.758s] writing xicro_interfaces.egg-info/PKG-INFO
[1.758s] writing dependency_links to xicro_interfaces.egg-info/dependency_links.txt
[1.759s] writing top-level names to xicro_interfaces.egg-info/top_level.txt
[1.759s] writing manifest file 'xicro_interfaces.egg-info/SOURCES.txt'
[1.760s] reading manifest file 'xicro_interfaces.egg-info/SOURCES.txt'
[1.761s] writing manifest file 'xicro_interfaces.egg-info/SOURCES.txt'
[1.779s] [  6%] Built target ament_cmake_python_build_xicro_interfaces_egg
[1.832s] [  6%] Built target xicro_interfaces__cpp
[1.834s] [  9%] [32mBuilding C object CMakeFiles/xicro_interfaces__rosidl_generator_c.dir/rosidl_generator_c/xicro_interfaces/action/detail/toggle__functions.c.o[0m
[1.839s] [ 16%] [34m[1mGenerating C++ type support for eProsima Fast-RTPS[0m
[1.839s] [ 16%] [34m[1mGenerating C++ type support dispatch for ROS interfaces[0m
[1.839s] [ 19%] [34m[1mGenerating C++ introspection for ROS interfaces[0m
[1.925s] [ 22%] [32m[1mLinking C shared library libxicro_interfaces__rosidl_generator_c.so[0m
[1.949s] [ 22%] Built target xicro_interfaces__rosidl_generator_c
[1.955s] [ 25%] [34m[1mGenerating C type support for eProsima Fast-RTPS[0m
[1.957s] [ 29%] [34m[1mGenerating C introspection for ROS interfaces[0m
[1.957s] [ 32%] [34m[1mGenerating C type support dispatch for ROS interfaces[0m
[2.002s] [ 35%] [32mBuilding CXX object CMakeFiles/xicro_interfaces__rosidl_typesupport_cpp.dir/rosidl_typesupport_cpp/xicro_interfaces/action/toggle__type_support.cpp.o[0m
[2.036s] [ 38%] [32mBuilding CXX object CMakeFiles/xicro_interfaces__rosidl_typesupport_introspection_cpp.dir/rosidl_typesupport_introspection_cpp/xicro_interfaces/action/detail/toggle__type_support.cpp.o[0m
[2.062s] [ 41%] [32mBuilding CXX object CMakeFiles/xicro_interfaces__rosidl_typesupport_fastrtps_cpp.dir/rosidl_typesupport_fastrtps_cpp/xicro_interfaces/action/detail/dds_fastrtps/toggle__type_support.cpp.o[0m
[2.178s] [ 45%] [32mBuilding CXX object CMakeFiles/xicro_interfaces__rosidl_typesupport_fastrtps_c.dir/rosidl_typesupport_fastrtps_c/xicro_interfaces/action/detail/toggle__type_support_c.cpp.o[0m
[2.205s] [ 48%] [32mBuilding CXX object CMakeFiles/xicro_interfaces__rosidl_typesupport_c.dir/rosidl_typesupport_c/xicro_interfaces/action/toggle__type_support.cpp.o[0m
[2.248s] [ 51%] [32m[1mLinking CXX shared library libxicro_interfaces__rosidl_typesupport_cpp.so[0m
[2.249s] [ 54%] [32m[1mLinking CXX shared library libxicro_interfaces__rosidl_typesupport_c.so[0m
[2.273s] [ 54%] Built target xicro_interfaces__rosidl_typesupport_cpp
[2.275s] [ 58%] [32mBuilding C object CMakeFiles/xicro_interfaces__rosidl_typesupport_introspection_c.dir/rosidl_typesupport_introspection_c/xicro_interfaces/action/detail/toggle__type_support.c.o[0m
[2.284s] [ 58%] Built target xicro_interfaces__rosidl_typesupport_c
[2.307s] [ 61%] [32m[1mLinking C shared library libxicro_interfaces__rosidl_typesupport_introspection_c.so[0m
[2.326s] [ 61%] Built target xicro_interfaces__rosidl_typesupport_introspection_c
[2.366s] [ 64%] [32m[1mLinking CXX shared library libxicro_interfaces__rosidl_typesupport_introspection_cpp.so[0m
[2.370s] [ 67%] [32m[1mLinking CXX shared library libxicro_interfaces__rosidl_typesupport_fastrtps_cpp.so[0m
[2.405s] [ 70%] [32m[1mLinking CXX shared library libxicro_interfaces__rosidl_typesupport_fastrtps_c.so[0m
[2.413s] [ 70%] Built target xicro_interfaces__rosidl_typesupport_introspection_cpp
[2.418s] [ 70%] Built target xicro_interfaces__rosidl_typesupport_fastrtps_cpp
[2.451s] [ 70%] Built target xicro_interfaces__rosidl_typesupport_fastrtps_c
[2.464s] [ 70%] Built target xicro_interfaces
[2.477s] [ 74%] [34m[1mGenerating Python code for ROS interfaces[0m
[2.838s] [ 74%] Built target xicro_interfaces__py
[2.850s] [ 77%] [32mBuilding C object CMakeFiles/xicro_interfaces__rosidl_generator_py.dir/rosidl_generator_py/xicro_interfaces/action/_toggle_s.c.o[0m
[2.936s] [ 80%] [32m[1mLinking C shared library rosidl_generator_py/xicro_interfaces/libxicro_interfaces__rosidl_generator_py.so[0m
[2.961s] [ 80%] Built target xicro_interfaces__rosidl_generator_py
[2.974s] [ 90%] [32mBuilding C object CMakeFiles/xicro_interfaces__rosidl_typesupport_fastrtps_c__pyext.dir/rosidl_generator_py/xicro_interfaces/_xicro_interfaces_s.ep.rosidl_typesupport_fastrtps_c.c.o[0m
[2.974s] [ 90%] [32mBuilding C object CMakeFiles/xicro_interfaces__rosidl_typesupport_c__pyext.dir/rosidl_generator_py/xicro_interfaces/_xicro_interfaces_s.ep.rosidl_typesupport_c.c.o[0m
[2.974s] [ 90%] [32mBuilding C object CMakeFiles/xicro_interfaces__rosidl_typesupport_introspection_c__pyext.dir/rosidl_generator_py/xicro_interfaces/_xicro_interfaces_s.ep.rosidl_typesupport_introspection_c.c.o[0m
[3.049s] [100%] [32m[1mLinking C shared library rosidl_generator_py/xicro_interfaces/xicro_interfaces_s__rosidl_typesupport_c.cpython-310-x86_64-linux-gnu.so[0m
[3.050s] [100%] [32m[1mLinking C shared library rosidl_generator_py/xicro_interfaces/xicro_interfaces_s__rosidl_typesupport_fastrtps_c.cpython-310-x86_64-linux-gnu.so[0m
[3.050s] [100%] [32m[1mLinking C shared library rosidl_generator_py/xicro_interfaces/xicro_interfaces_s__rosidl_typesupport_introspection_c.cpython-310-x86_64-linux-gnu.so[0m
[3.074s] [100%] Built target xicro_interfaces__rosidl_typesupport_introspection_c__pyext
[3.074s] [100%] Built target xicro_interfaces__rosidl_typesupport_c__pyext
[3.074s] [100%] Built target xicro_interfaces__rosidl_typesupport_fastrtps_c__pyext
