running egg_info
creating ../build/coop_controller/coop_controller.egg-info
writing ../build/coop_controller/coop_controller.egg-info/PKG-INFO
writing dependency_links to ../build/coop_controller/coop_controller.egg-info/dependency_links.txt
writing entry points to ../build/coop_controller/coop_controller.egg-info/entry_points.txt
writing requirements to ../build/coop_controller/coop_controller.egg-info/requires.txt
writing top-level names to ../build/coop_controller/coop_controller.egg-info/top_level.txt
writing manifest file '../build/coop_controller/coop_controller.egg-info/SOURCES.txt'
reading manifest file '../build/coop_controller/coop_controller.egg-info/SOURCES.txt'
writing manifest file '../build/coop_controller/coop_controller.egg-info/SOURCES.txt'
running build
running build_py
creating /home/fang/coop_ws/src/build/coop_controller/build
creating /home/fang/coop_ws/src/build/coop_controller/build/lib
creating /home/fang/coop_ws/src/build/coop_controller/build/lib/coop_controller
copying coop_controller/diffdrive_odom.py -> /home/fang/coop_ws/src/build/coop_controller/build/lib/coop_controller
copying coop_controller/formation_controller.py -> /home/fang/coop_ws/src/build/coop_controller/build/lib/coop_controller
copying coop_controller/ack_odom.py -> /home/fang/coop_ws/src/build/coop_controller/build/lib/coop_controller
copying coop_controller/mec_odom.py -> /home/fang/coop_ws/src/build/coop_controller/build/lib/coop_controller
copying coop_controller/odom_test.py -> /home/fang/coop_ws/src/build/coop_controller/build/lib/coop_controller
copying coop_controller/__init__.py -> /home/fang/coop_ws/src/build/coop_controller/build/lib/coop_controller
running install
running install_lib
creating /home/fang/coop_ws/src/install/coop_controller/lib/python3.10/site-packages/coop_controller
copying /home/fang/coop_ws/src/build/coop_controller/build/lib/coop_controller/diffdrive_odom.py -> /home/fang/coop_ws/src/install/coop_controller/lib/python3.10/site-packages/coop_controller
copying /home/fang/coop_ws/src/build/coop_controller/build/lib/coop_controller/formation_controller.py -> /home/fang/coop_ws/src/install/coop_controller/lib/python3.10/site-packages/coop_controller
copying /home/fang/coop_ws/src/build/coop_controller/build/lib/coop_controller/ack_odom.py -> /home/fang/coop_ws/src/install/coop_controller/lib/python3.10/site-packages/coop_controller
copying /home/fang/coop_ws/src/build/coop_controller/build/lib/coop_controller/mec_odom.py -> /home/fang/coop_ws/src/install/coop_controller/lib/python3.10/site-packages/coop_controller
copying /home/fang/coop_ws/src/build/coop_controller/build/lib/coop_controller/odom_test.py -> /home/fang/coop_ws/src/install/coop_controller/lib/python3.10/site-packages/coop_controller
copying /home/fang/coop_ws/src/build/coop_controller/build/lib/coop_controller/__init__.py -> /home/fang/coop_ws/src/install/coop_controller/lib/python3.10/site-packages/coop_controller
byte-compiling /home/fang/coop_ws/src/install/coop_controller/lib/python3.10/site-packages/coop_controller/diffdrive_odom.py to diffdrive_odom.cpython-310.pyc
byte-compiling /home/fang/coop_ws/src/install/coop_controller/lib/python3.10/site-packages/coop_controller/formation_controller.py to formation_controller.cpython-310.pyc
byte-compiling /home/fang/coop_ws/src/install/coop_controller/lib/python3.10/site-packages/coop_controller/ack_odom.py to ack_odom.cpython-310.pyc
byte-compiling /home/fang/coop_ws/src/install/coop_controller/lib/python3.10/site-packages/coop_controller/mec_odom.py to mec_odom.cpython-310.pyc
byte-compiling /home/fang/coop_ws/src/install/coop_controller/lib/python3.10/site-packages/coop_controller/odom_test.py to odom_test.cpython-310.pyc
byte-compiling /home/fang/coop_ws/src/install/coop_controller/lib/python3.10/site-packages/coop_controller/__init__.py to __init__.cpython-310.pyc
running install_data
copying package.xml -> /home/fang/coop_ws/src/install/coop_controller/share/coop_controller
running install_egg_info
Copying ../build/coop_controller/coop_controller.egg-info to /home/fang/coop_ws/src/install/coop_controller/lib/python3.10/site-packages/coop_controller-0.0.0-py3.10.egg-info
running install_scripts
Installing diffdrive_odom script to /home/fang/coop_ws/src/install/coop_controller/lib/coop_controller
Installing formation_controller script to /home/fang/coop_ws/src/install/coop_controller/lib/coop_controller
Installing mec_odom script to /home/fang/coop_ws/src/install/coop_controller/lib/coop_controller
Installing odom_test script to /home/fang/coop_ws/src/install/coop_controller/lib/coop_controller
writing list of installed files to '/home/fang/coop_ws/src/build/coop_controller/install.log'
