[0.902s] Invoking command in '/home/fang/coop_ws/src/coop_controller': PYTHONPATH=/home/fang/coop_ws/src/build/coop_controller/prefix_override:/home/fang/coop_ws/src/install/coop_controller/lib/python3.10/site-packages:${PYTHONPATH} /usr/bin/python3 setup.py egg_info --egg-base ../build/coop_controller build --build-base /home/fang/coop_ws/src/build/coop_controller/build install --record /home/fang/coop_ws/src/build/coop_controller/install.log --single-version-externally-managed
[1.061s] running egg_info
[1.062s] creating ../build/coop_controller/coop_controller.egg-info
[1.062s] writing ../build/coop_controller/coop_controller.egg-info/PKG-INFO
[1.062s] writing dependency_links to ../build/coop_controller/coop_controller.egg-info/dependency_links.txt
[1.062s] writing entry points to ../build/coop_controller/coop_controller.egg-info/entry_points.txt
[1.062s] writing requirements to ../build/coop_controller/coop_controller.egg-info/requires.txt
[1.062s] writing top-level names to ../build/coop_controller/coop_controller.egg-info/top_level.txt
[1.062s] writing manifest file '../build/coop_controller/coop_controller.egg-info/SOURCES.txt'
[1.063s] reading manifest file '../build/coop_controller/coop_controller.egg-info/SOURCES.txt'
[1.064s] writing manifest file '../build/coop_controller/coop_controller.egg-info/SOURCES.txt'
[1.064s] running build
[1.064s] running build_py
[1.064s] creating /home/fang/coop_ws/src/build/coop_controller/build
[1.064s] creating /home/fang/coop_ws/src/build/coop_controller/build/lib
[1.064s] creating /home/fang/coop_ws/src/build/coop_controller/build/lib/coop_controller
[1.064s] copying coop_controller/diffdrive_odom.py -> /home/fang/coop_ws/src/build/coop_controller/build/lib/coop_controller
[1.064s] copying coop_controller/formation_controller.py -> /home/fang/coop_ws/src/build/coop_controller/build/lib/coop_controller
[1.064s] copying coop_controller/ack_odom.py -> /home/fang/coop_ws/src/build/coop_controller/build/lib/coop_controller
[1.064s] copying coop_controller/mec_odom.py -> /home/fang/coop_ws/src/build/coop_controller/build/lib/coop_controller
[1.064s] copying coop_controller/odom_test.py -> /home/fang/coop_ws/src/build/coop_controller/build/lib/coop_controller
[1.064s] copying coop_controller/__init__.py -> /home/fang/coop_ws/src/build/coop_controller/build/lib/coop_controller
[1.064s] running install
[1.064s] running install_lib
[1.065s] creating /home/fang/coop_ws/src/install/coop_controller/lib/python3.10/site-packages/coop_controller
[1.065s] copying /home/fang/coop_ws/src/build/coop_controller/build/lib/coop_controller/diffdrive_odom.py -> /home/fang/coop_ws/src/install/coop_controller/lib/python3.10/site-packages/coop_controller
[1.065s] copying /home/fang/coop_ws/src/build/coop_controller/build/lib/coop_controller/formation_controller.py -> /home/fang/coop_ws/src/install/coop_controller/lib/python3.10/site-packages/coop_controller
[1.065s] copying /home/fang/coop_ws/src/build/coop_controller/build/lib/coop_controller/ack_odom.py -> /home/fang/coop_ws/src/install/coop_controller/lib/python3.10/site-packages/coop_controller
[1.065s] copying /home/fang/coop_ws/src/build/coop_controller/build/lib/coop_controller/mec_odom.py -> /home/fang/coop_ws/src/install/coop_controller/lib/python3.10/site-packages/coop_controller
[1.065s] copying /home/fang/coop_ws/src/build/coop_controller/build/lib/coop_controller/odom_test.py -> /home/fang/coop_ws/src/install/coop_controller/lib/python3.10/site-packages/coop_controller
[1.065s] copying /home/fang/coop_ws/src/build/coop_controller/build/lib/coop_controller/__init__.py -> /home/fang/coop_ws/src/install/coop_controller/lib/python3.10/site-packages/coop_controller
[1.065s] byte-compiling /home/fang/coop_ws/src/install/coop_controller/lib/python3.10/site-packages/coop_controller/diffdrive_odom.py to diffdrive_odom.cpython-310.pyc
[1.066s] byte-compiling /home/fang/coop_ws/src/install/coop_controller/lib/python3.10/site-packages/coop_controller/formation_controller.py to formation_controller.cpython-310.pyc
[1.067s] byte-compiling /home/fang/coop_ws/src/install/coop_controller/lib/python3.10/site-packages/coop_controller/ack_odom.py to ack_odom.cpython-310.pyc
[1.067s] byte-compiling /home/fang/coop_ws/src/install/coop_controller/lib/python3.10/site-packages/coop_controller/mec_odom.py to mec_odom.cpython-310.pyc
[1.068s] byte-compiling /home/fang/coop_ws/src/install/coop_controller/lib/python3.10/site-packages/coop_controller/odom_test.py to odom_test.cpython-310.pyc
[1.068s] byte-compiling /home/fang/coop_ws/src/install/coop_controller/lib/python3.10/site-packages/coop_controller/__init__.py to __init__.cpython-310.pyc
[1.068s] running install_data
[1.069s] copying package.xml -> /home/fang/coop_ws/src/install/coop_controller/share/coop_controller
[1.069s] running install_egg_info
[1.070s] Copying ../build/coop_controller/coop_controller.egg-info to /home/fang/coop_ws/src/install/coop_controller/lib/python3.10/site-packages/coop_controller-0.0.0-py3.10.egg-info
[1.070s] running install_scripts
[1.084s] Installing diffdrive_odom script to /home/fang/coop_ws/src/install/coop_controller/lib/coop_controller
[1.084s] Installing formation_controller script to /home/fang/coop_ws/src/install/coop_controller/lib/coop_controller
[1.084s] Installing mec_odom script to /home/fang/coop_ws/src/install/coop_controller/lib/coop_controller
[1.084s] Installing odom_test script to /home/fang/coop_ws/src/install/coop_controller/lib/coop_controller
[1.084s] writing list of installed files to '/home/fang/coop_ws/src/build/coop_controller/install.log'
[1.103s] Invoked command in '/home/fang/coop_ws/src/coop_controller' returned '0': PYTHONPATH=/home/fang/coop_ws/src/build/coop_controller/prefix_override:/home/fang/coop_ws/src/install/coop_controller/lib/python3.10/site-packages:${PYTHONPATH} /usr/bin/python3 setup.py egg_info --egg-base ../build/coop_controller build --build-base /home/fang/coop_ws/src/build/coop_controller/build install --record /home/fang/coop_ws/src/build/coop_controller/install.log --single-version-externally-managed
