/home/fang/coop_ws/src/install/coop_controller/lib/python3.10/site-packages/coop_controller/diffdrive_odom.py
/home/fang/coop_ws/src/install/coop_controller/lib/python3.10/site-packages/coop_controller/formation_controller.py
/home/fang/coop_ws/src/install/coop_controller/lib/python3.10/site-packages/coop_controller/ack_odom.py
/home/fang/coop_ws/src/install/coop_controller/lib/python3.10/site-packages/coop_controller/mec_odom.py
/home/fang/coop_ws/src/install/coop_controller/lib/python3.10/site-packages/coop_controller/odom_test.py
/home/fang/coop_ws/src/install/coop_controller/lib/python3.10/site-packages/coop_controller/__init__.py
/home/fang/coop_ws/src/install/coop_controller/lib/python3.10/site-packages/coop_controller/__pycache__/diffdrive_odom.cpython-310.pyc
/home/fang/coop_ws/src/install/coop_controller/lib/python3.10/site-packages/coop_controller/__pycache__/formation_controller.cpython-310.pyc
/home/fang/coop_ws/src/install/coop_controller/lib/python3.10/site-packages/coop_controller/__pycache__/ack_odom.cpython-310.pyc
/home/fang/coop_ws/src/install/coop_controller/lib/python3.10/site-packages/coop_controller/__pycache__/mec_odom.cpython-310.pyc
/home/fang/coop_ws/src/install/coop_controller/lib/python3.10/site-packages/coop_controller/__pycache__/odom_test.cpython-310.pyc
/home/fang/coop_ws/src/install/coop_controller/lib/python3.10/site-packages/coop_controller/__pycache__/__init__.cpython-310.pyc
/home/fang/coop_ws/src/install/coop_controller/share/coop_controller/package.xml
/home/fang/coop_ws/src/install/coop_controller/lib/python3.10/site-packages/coop_controller-0.0.0-py3.10.egg-info/SOURCES.txt
/home/fang/coop_ws/src/install/coop_controller/lib/python3.10/site-packages/coop_controller-0.0.0-py3.10.egg-info/requires.txt
/home/fang/coop_ws/src/install/coop_controller/lib/python3.10/site-packages/coop_controller-0.0.0-py3.10.egg-info/PKG-INFO
/home/fang/coop_ws/src/install/coop_controller/lib/python3.10/site-packages/coop_controller-0.0.0-py3.10.egg-info/top_level.txt
/home/fang/coop_ws/src/install/coop_controller/lib/python3.10/site-packages/coop_controller-0.0.0-py3.10.egg-info/zip-safe
/home/fang/coop_ws/src/install/coop_controller/lib/python3.10/site-packages/coop_controller-0.0.0-py3.10.egg-info/entry_points.txt
/home/fang/coop_ws/src/install/coop_controller/lib/python3.10/site-packages/coop_controller-0.0.0-py3.10.egg-info/dependency_links.txt
/home/fang/coop_ws/src/install/coop_controller/lib/coop_controller/diffdrive_odom
/home/fang/coop_ws/src/install/coop_controller/lib/coop_controller/formation_controller
/home/fang/coop_ws/src/install/coop_controller/lib/coop_controller/mec_odom
/home/fang/coop_ws/src/install/coop_controller/lib/coop_controller/odom_test
