[0.547s] Invoking command in '/home/fang/coop_ws/src/build/coop_robot_bringup': CMAKE_PREFIX_PATH=${CMAKE_PREFIX_PATH}:/home/fang/coop_ws/install/coop_keyboard_teleop:/home/fang/coop_ws/install/coop_controller:/home/fang/ros2_ws/install/my_py_pkg:/home/fang/ros2_ws/install/coop_keyboard_teleop:/opt/ros/humble /usr/bin/cmake /home/fang/coop_ws/src/coop_robot_bringup -DCMAKE_INSTALL_PREFIX=/home/fang/coop_ws/src/install/coop_robot_bringup
[0.587s] -- The C compiler identification is GNU 12.3.0
[0.620s] -- The CXX compiler identification is GNU 11.4.0
[0.625s] -- Detecting C compiler ABI info
[0.667s] -- Detecting C compiler ABI info - done
[0.672s] -- Check for working C compiler: /usr/bin/cc - skipped
[0.672s] -- Detecting C compile features
[0.672s] -- Detecting C compile features - done
[0.674s] -- Detecting CXX compiler ABI info
[0.722s] -- Detecting CXX compiler ABI info - done
[0.726s] -- Check for working CXX compiler: /usr/bin/c++ - skipped
[0.727s] -- Detecting CXX compile features
[0.727s] -- Detecting CXX compile features - done
[0.729s] -- Found ament_cmake: 1.3.8 (/opt/ros/humble/share/ament_cmake/cmake)
[0.838s] -- Found Python3: /usr/bin/python3 (found version "3.10.12") found components: Interpreter 
[0.979s] -- Configuring done
[0.980s] -- Generating done
[0.981s] -- Build files have been written to: /home/fang/coop_ws/src/build/coop_robot_bringup
[0.984s] Invoked command in '/home/fang/coop_ws/src/build/coop_robot_bringup' returned '0': CMAKE_PREFIX_PATH=${CMAKE_PREFIX_PATH}:/home/fang/coop_ws/install/coop_keyboard_teleop:/home/fang/coop_ws/install/coop_controller:/home/fang/ros2_ws/install/my_py_pkg:/home/fang/ros2_ws/install/coop_keyboard_teleop:/opt/ros/humble /usr/bin/cmake /home/fang/coop_ws/src/coop_robot_bringup -DCMAKE_INSTALL_PREFIX=/home/fang/coop_ws/src/install/coop_robot_bringup
[0.985s] Invoking command in '/home/fang/coop_ws/src/build/coop_robot_bringup': CMAKE_PREFIX_PATH=${CMAKE_PREFIX_PATH}:/home/fang/coop_ws/install/coop_keyboard_teleop:/home/fang/coop_ws/install/coop_controller:/home/fang/ros2_ws/install/my_py_pkg:/home/fang/ros2_ws/install/coop_keyboard_teleop:/opt/ros/humble /usr/bin/cmake --build /home/fang/coop_ws/src/build/coop_robot_bringup -- -j16 -l16
[1.008s] Invoked command in '/home/fang/coop_ws/src/build/coop_robot_bringup' returned '0': CMAKE_PREFIX_PATH=${CMAKE_PREFIX_PATH}:/home/fang/coop_ws/install/coop_keyboard_teleop:/home/fang/coop_ws/install/coop_controller:/home/fang/ros2_ws/install/my_py_pkg:/home/fang/ros2_ws/install/coop_keyboard_teleop:/opt/ros/humble /usr/bin/cmake --build /home/fang/coop_ws/src/build/coop_robot_bringup -- -j16 -l16
[1.053s] Invoking command in '/home/fang/coop_ws/src/build/coop_robot_bringup': CMAKE_PREFIX_PATH=${CMAKE_PREFIX_PATH}:/home/fang/coop_ws/install/coop_keyboard_teleop:/home/fang/coop_ws/install/coop_controller:/home/fang/ros2_ws/install/my_py_pkg:/home/fang/ros2_ws/install/coop_keyboard_teleop:/opt/ros/humble /usr/bin/cmake --install /home/fang/coop_ws/src/build/coop_robot_bringup
[1.057s] -- Install configuration: ""
[1.057s] -- Installing: /home/fang/coop_ws/src/install/coop_robot_bringup/share/coop_robot_bringup//launch
[1.057s] -- Installing: /home/fang/coop_ws/src/install/coop_robot_bringup/share/coop_robot_bringup//launch/pi_diff.launch.py
[1.057s] -- Installing: /home/fang/coop_ws/src/install/coop_robot_bringup/share/coop_robot_bringup//launch/car_gazebo.launch.xml
[1.058s] -- Installing: /home/fang/coop_ws/src/install/coop_robot_bringup/share/coop_robot_bringup//launch/mec.launch.py
[1.058s] -- Installing: /home/fang/coop_ws/src/install/coop_robot_bringup/share/coop_robot_bringup//launch/leader.launch.py
[1.058s] -- Installing: /home/fang/coop_ws/src/install/coop_robot_bringup/share/coop_robot_bringup//launch/mecanum_spawn.launch.py
[1.058s] -- Installing: /home/fang/coop_ws/src/install/coop_robot_bringup/share/coop_robot_bringup//launch/coop_gazeo.launch.py
[1.058s] -- Installing: /home/fang/coop_ws/src/install/coop_robot_bringup/share/coop_robot_bringup//launch/my_robot_gazebo.launch.xml
[1.058s] -- Installing: /home/fang/coop_ws/src/install/coop_robot_bringup/share/coop_robot_bringup//launch/spawn_long_pallet.xml
[1.058s] -- Installing: /home/fang/coop_ws/src/install/coop_robot_bringup/share/coop_robot_bringup//launch/pi_mec.launch.py
[1.058s] -- Installing: /home/fang/coop_ws/src/install/coop_robot_bringup/share/coop_robot_bringup//launch/diffdrive_spawn.launch.py
[1.058s] -- Installing: /home/fang/coop_ws/src/install/coop_robot_bringup/share/coop_robot_bringup//launch/ackermann_spawn.launch.py
[1.058s] -- Installing: /home/fang/coop_ws/src/install/coop_robot_bringup/share/coop_robot_bringup//rviz
[1.058s] -- Installing: /home/fang/coop_ws/src/install/coop_robot_bringup/share/coop_robot_bringup//rviz/urdf_config.rviz
[1.058s] -- Installing: /home/fang/coop_ws/src/install/coop_robot_bringup/share/coop_robot_bringup//worlds
[1.058s] -- Installing: /home/fang/coop_ws/src/install/coop_robot_bringup/share/coop_robot_bringup//worlds/test_world.world
[1.059s] -- Installing: /home/fang/coop_ws/src/install/coop_robot_bringup/share/coop_robot_bringup//worlds/coop.world
[1.059s] -- Installing: /home/fang/coop_ws/src/install/coop_robot_bringup/share/coop_robot_bringup//worlds/car.world
[1.060s] -- Installing: /home/fang/coop_ws/src/install/coop_robot_bringup/share/coop_robot_bringup//worlds/coop_test.world
[1.060s] -- Installing: /home/fang/coop_ws/src/install/coop_robot_bringup/share/coop_robot_bringup//worlds/coop_test3.world
[1.061s] -- Installing: /home/fang/coop_ws/src/install/coop_robot_bringup/share/coop_robot_bringup//worlds/coop_test2.world
[1.062s] -- Installing: /home/fang/coop_ws/src/install/coop_robot_bringup/share/coop_robot_bringup//config
[1.062s] -- Installing: /home/fang/coop_ws/src/install/coop_robot_bringup/share/coop_robot_bringup//config/mapper_params_online_async.yaml
[1.062s] -- Installing: /home/fang/coop_ws/src/install/coop_robot_bringup/share/coop_robot_bringup//config/ekf_mec.yaml
[1.062s] -- Installing: /home/fang/coop_ws/src/install/coop_robot_bringup/share/coop_robot_bringup//config/nav2_params.yaml
[1.062s] -- Installing: /home/fang/coop_ws/src/install/coop_robot_bringup/share/coop_robot_bringup//config/ackermann_control.yaml
[1.063s] -- Installing: /home/fang/coop_ws/src/install/coop_robot_bringup/share/coop_robot_bringup//config/ekf.yaml
[1.065s] -- Installing: /home/fang/coop_ws/src/install/coop_robot_bringup/share/ament_index/resource_index/package_run_dependencies/coop_robot_bringup
[1.065s] -- Installing: /home/fang/coop_ws/src/install/coop_robot_bringup/share/ament_index/resource_index/parent_prefix_path/coop_robot_bringup
[1.065s] -- Installing: /home/fang/coop_ws/src/install/coop_robot_bringup/share/coop_robot_bringup/environment/ament_prefix_path.sh
[1.065s] -- Installing: /home/fang/coop_ws/src/install/coop_robot_bringup/share/coop_robot_bringup/environment/ament_prefix_path.dsv
[1.065s] -- Installing: /home/fang/coop_ws/src/install/coop_robot_bringup/share/coop_robot_bringup/environment/path.sh
[1.065s] -- Installing: /home/fang/coop_ws/src/install/coop_robot_bringup/share/coop_robot_bringup/environment/path.dsv
[1.065s] -- Installing: /home/fang/coop_ws/src/install/coop_robot_bringup/share/coop_robot_bringup/local_setup.bash
[1.066s] -- Installing: /home/fang/coop_ws/src/install/coop_robot_bringup/share/coop_robot_bringup/local_setup.sh
[1.066s] -- Installing: /home/fang/coop_ws/src/install/coop_robot_bringup/share/coop_robot_bringup/local_setup.zsh
[1.066s] -- Installing: /home/fang/coop_ws/src/install/coop_robot_bringup/share/coop_robot_bringup/local_setup.dsv
[1.066s] -- Installing: /home/fang/coop_ws/src/install/coop_robot_bringup/share/coop_robot_bringup/package.dsv
[1.066s] -- Installing: /home/fang/coop_ws/src/install/coop_robot_bringup/share/ament_index/resource_index/packages/coop_robot_bringup
[1.066s] -- Installing: /home/fang/coop_ws/src/install/coop_robot_bringup/share/coop_robot_bringup/cmake/coop_robot_bringupConfig.cmake
[1.066s] -- Installing: /home/fang/coop_ws/src/install/coop_robot_bringup/share/coop_robot_bringup/cmake/coop_robot_bringupConfig-version.cmake
[1.066s] -- Installing: /home/fang/coop_ws/src/install/coop_robot_bringup/share/coop_robot_bringup/package.xml
[1.087s] Invoked command in '/home/fang/coop_ws/src/build/coop_robot_bringup' returned '0': CMAKE_PREFIX_PATH=${CMAKE_PREFIX_PATH}:/home/fang/coop_ws/install/coop_keyboard_teleop:/home/fang/coop_ws/install/coop_controller:/home/fang/ros2_ws/install/my_py_pkg:/home/fang/ros2_ws/install/coop_keyboard_teleop:/opt/ros/humble /usr/bin/cmake --install /home/fang/coop_ws/src/build/coop_robot_bringup
