-- The C compiler identification is GNU 12.3.0
-- The CXX compiler identification is GNU 11.4.0
-- Detecting C compiler ABI info
-- Detecting C compiler ABI info - done
-- Check for working C compiler: /usr/bin/cc - skipped
-- Detecting C compile features
-- Detecting C compile features - done
-- Detecting CXX compiler ABI info
-- Detecting CXX compiler ABI info - done
-- Check for working CXX compiler: /usr/bin/c++ - skipped
-- Detecting CXX compile features
-- Detecting CXX compile features - done
-- Found ament_cmake: 1.3.8 (/opt/ros/humble/share/ament_cmake/cmake)
-- Found Python3: /usr/bin/python3 (found version "3.10.12") found components: Interpreter 
-- Found rclcpp: 16.0.8 (/opt/ros/humble/share/rclcpp/cmake)
-- Found rosidl_generator_c: 3.1.5 (/opt/ros/humble/share/rosidl_generator_c/cmake)
-- Found rosidl_adapter: 3.1.5 (/opt/ros/humble/share/rosidl_adapter/cmake)
-- Found rosidl_generator_cpp: 3.1.5 (/opt/ros/humble/share/rosidl_generator_cpp/cmake)
-- Using all available rosidl_typesupport_c: rosidl_typesupport_fastrtps_c;rosidl_typesupport_introspection_c
-- Using all available rosidl_typesupport_cpp: rosidl_typesupport_fastrtps_cpp;rosidl_typesupport_introspection_cpp
-- Found rmw_implementation_cmake: 6.1.1 (/opt/ros/humble/share/rmw_implementation_cmake/cmake)
-- Found rmw_cyclonedds_cpp: 1.3.4 (/opt/ros/humble/share/rmw_cyclonedds_cpp/cmake)
-- Using RMW implementation 'rmw_cyclonedds_cpp' as default
-- Looking for pthread.h
-- Looking for pthread.h - found
-- Performing Test CMAKE_HAVE_LIBC_PTHREAD
-- Performing Test CMAKE_HAVE_LIBC_PTHREAD - Success
-- Found Threads: TRUE  
-- Found rclpy: 3.3.12 (/opt/ros/humble/share/rclpy/cmake)
-- Configuring done
-- Generating done
-- Build files have been written to: /home/fang/coop_ws/src/build/xicro_pkg
Built target ament_cmake_python_copy_xicro_pkg
running egg_info
creating xicro_pkg.egg-info
writing xicro_pkg.egg-info/PKG-INFO
writing dependency_links to xicro_pkg.egg-info/dependency_links.txt
writing top-level names to xicro_pkg.egg-info/top_level.txt
writing manifest file 'xicro_pkg.egg-info/SOURCES.txt'
reading manifest file 'xicro_pkg.egg-info/SOURCES.txt'
writing manifest file 'xicro_pkg.egg-info/SOURCES.txt'
Built target ament_cmake_python_build_xicro_pkg_egg
-- Install configuration: ""
-- Installing: /home/fang/coop_ws/src/install/xicro_pkg/share/xicro_pkg/environment/pythonpath.sh
-- Installing: /home/fang/coop_ws/src/install/xicro_pkg/share/xicro_pkg/environment/pythonpath.dsv
-- Installing: /home/fang/coop_ws/src/install/xicro_pkg/local/lib/python3.10/dist-packages/xicro_pkg-0.0.0-py3.10.egg-info
-- Installing: /home/fang/coop_ws/src/install/xicro_pkg/local/lib/python3.10/dist-packages/xicro_pkg-0.0.0-py3.10.egg-info/SOURCES.txt
-- Installing: /home/fang/coop_ws/src/install/xicro_pkg/local/lib/python3.10/dist-packages/xicro_pkg-0.0.0-py3.10.egg-info/PKG-INFO
-- Installing: /home/fang/coop_ws/src/install/xicro_pkg/local/lib/python3.10/dist-packages/xicro_pkg-0.0.0-py3.10.egg-info/top_level.txt
-- Installing: /home/fang/coop_ws/src/install/xicro_pkg/local/lib/python3.10/dist-packages/xicro_pkg-0.0.0-py3.10.egg-info/dependency_links.txt
-- Installing: /home/fang/coop_ws/src/install/xicro_pkg/local/lib/python3.10/dist-packages/xicro_pkg
-- Installing: /home/fang/coop_ws/src/install/xicro_pkg/local/lib/python3.10/dist-packages/xicro_pkg/__init__.py
Listing '/home/fang/coop_ws/src/install/xicro_pkg/local/lib/python3.10/dist-packages/xicro_pkg'...
Compiling '/home/fang/coop_ws/src/install/xicro_pkg/local/lib/python3.10/dist-packages/xicro_pkg/__init__.py'...
-- Installing: /home/fang/coop_ws/src/install/xicro_pkg/lib/xicro_pkg/generate_library.py
-- Installing: /home/fang/coop_ws/src/install/xicro_pkg/lib/xicro_pkg/generate_xicro_node.py
-- Installing: /home/fang/coop_ws/src/install/xicro_pkg/lib/xicro_pkg/xicro_node_ack_xicro_ID_2_arduino.py
-- Installing: /home/fang/coop_ws/src/install/xicro_pkg/lib/xicro_pkg/xicro_node_diffdrive_ID_1_arduino.py
[31mCMake Error at cmake_install.cmake:70 (file):
  file INSTALL cannot find
  "/home/fang/coop_ws/src/Xicro/xicro_pkg/scripts/xicro_node_mec_xicro_ID_3_arduino.py":
  No such file or directory.

[0m
